2014-06-16 15:27:17 Error: [MissingActionException] Action SharefeedsController::add() could not be found.
Exception Attributes: array (
  'controller' => 'SharefeedsController',
  'action' => 'add',
)
Request URL: /stox_web/trunk/web_services/Sharefeeds/add
Stack Trace:
#0 /var/www/stox_web/trunk/web_services/lib/Cake/Routing/Dispatcher.php(186): Controller->invokeAction(Object(CakeRequest))
#1 /var/www/stox_web/trunk/web_services/lib/Cake/Routing/Dispatcher.php(161): Dispatcher->_invoke(Object(SharefeedsController), Object(CakeRequest), Object(CakeResponse))
#2 /var/www/stox_web/trunk/web_services/app/webroot/index.php(97): Dispatcher->dispatch(Object(CakeRequest), Object(CakeResponse))
#3 {main}
2014-06-16 18:26:25 Error: [PDOException] SQLSTATE[HY000]: General error: 2006 MySQL server has gone away
Request URL: /stox_web/trunk/web_services/sharefeeds/update_stocks
Stack Trace:
#0 /var/www/stox_web/trunk/web_services/lib/Cake/Model/Datasource/DboSource.php(459): PDOStatement->execute(Array)
#1 /var/www/stox_web/trunk/web_services/lib/Cake/Model/Datasource/DboSource.php(425): DboSource->_execute('INSERT INTO `st...', Array)
#2 /var/www/stox_web/trunk/web_services/lib/Cake/Model/Datasource/DboSource.php(1007): DboSource->execute('INSERT INTO `st...')
#3 /var/www/stox_web/trunk/web_services/lib/Cake/Model/Model.php(1734): DboSource->create(Object(Sharefeed), Array, Array)
#4 /var/www/stox_web/trunk/web_services/app/Controller/SharefeedsController.php(144): Model->save(Array)
#5 /var/www/stox_web/trunk/web_services/app/Controller/SharefeedsController.php(14): SharefeedsController->_updateShareFeedsTable()
#6 [internal function]: SharefeedsController->update_stocks()
#7 /var/www/stox_web/trunk/web_services/lib/Cake/Controller/Controller.php(485): ReflectionMethod->invokeArgs(Object(SharefeedsController), Array)
#8 /var/www/stox_web/trunk/web_services/lib/Cake/Routing/Dispatcher.php(186): Controller->invokeAction(Object(CakeRequest))
#9 /var/www/stox_web/trunk/web_services/lib/Cake/Routing/Dispatcher.php(161): Dispatcher->_invoke(Object(SharefeedsController), Object(CakeRequest), Object(CakeResponse))
#10 /var/www/stox_web/trunk/web_services/app/webroot/index.php(97): Dispatcher->dispatch(Object(CakeRequest), Object(CakeResponse))
#11 {main}
2014-06-16 18:26:25 Error: [PDOException] SQLSTATE[70100]: <<Unknown error>>: 1317 Query execution was interrupted
Request URL: /stox_web/trunk/web_services/sharefeeds/update_stocks
Stack Trace:
#0 /var/www/stox_web/trunk/web_services/lib/Cake/Model/Datasource/DboSource.php(459): PDOStatement->execute(Array)
#1 /var/www/stox_web/trunk/web_services/lib/Cake/Model/Datasource/DboSource.php(425): DboSource->_execute('UPDATE `stox`.`...', Array)
#2 /var/www/stox_web/trunk/web_services/lib/Cake/Model/Datasource/Database/Mysql.php(378): DboSource->execute('UPDATE `stox`.`...')
#3 /var/www/stox_web/trunk/web_services/lib/Cake/Model/Model.php(1723): Mysql->update(Object(Sharefeed), Array, Array)
#4 /var/www/stox_web/trunk/web_services/app/Controller/SharefeedsController.php(143): Model->save(Array)
#5 /var/www/stox_web/trunk/web_services/app/Controller/SharefeedsController.php(14): SharefeedsController->_updateShareFeedsTable()
#6 [internal function]: SharefeedsController->update_stocks()
#7 /var/www/stox_web/trunk/web_services/lib/Cake/Controller/Controller.php(485): ReflectionMethod->invokeArgs(Object(SharefeedsController), Array)
#8 /var/www/stox_web/trunk/web_services/lib/Cake/Routing/Dispatcher.php(186): Controller->invokeAction(Object(CakeRequest))
#9 /var/www/stox_web/trunk/web_services/lib/Cake/Routing/Dispatcher.php(161): Dispatcher->_invoke(Object(SharefeedsController), Object(CakeRequest), Object(CakeResponse))
#10 /var/www/stox_web/trunk/web_services/app/webroot/index.php(97): Dispatcher->dispatch(Object(CakeRequest), Object(CakeResponse))
#11 {main}
2014-06-16 19:04:12 Error: [PDOException] SQLSTATE[23000]: Integrity constraint violation: 1048 Column 'symbol' cannot be null
Request URL: /stox_web/trunk/web_services/sharefeeds/update_stocks
Stack Trace:
#0 /var/www/stox_web/trunk/web_services/lib/Cake/Model/Datasource/DboSource.php(459): PDOStatement->execute(Array)
#1 /var/www/stox_web/trunk/web_services/lib/Cake/Model/Datasource/DboSource.php(425): DboSource->_execute('INSERT INTO `st...', Array)
#2 /var/www/stox_web/trunk/web_services/lib/Cake/Model/Datasource/DboSource.php(1007): DboSource->execute('INSERT INTO `st...')
#3 /var/www/stox_web/trunk/web_services/lib/Cake/Model/Model.php(1734): DboSource->create(Object(Sharefeed), Array, Array)
#4 /var/www/stox_web/trunk/web_services/app/Controller/SharefeedsController.php(144): Model->save(Array)
#5 /var/www/stox_web/trunk/web_services/app/Controller/SharefeedsController.php(14): SharefeedsController->_updateShareFeedsTable()
#6 [internal function]: SharefeedsController->update_stocks()
#7 /var/www/stox_web/trunk/web_services/lib/Cake/Controller/Controller.php(485): ReflectionMethod->invokeArgs(Object(SharefeedsController), Array)
#8 /var/www/stox_web/trunk/web_services/lib/Cake/Routing/Dispatcher.php(186): Controller->invokeAction(Object(CakeRequest))
#9 /var/www/stox_web/trunk/web_services/lib/Cake/Routing/Dispatcher.php(161): Dispatcher->_invoke(Object(SharefeedsController), Object(CakeRequest), Object(CakeResponse))
#10 /var/www/stox_web/trunk/web_services/app/webroot/index.php(97): Dispatcher->dispatch(Object(CakeRequest), Object(CakeResponse))
#11 {main}
2014-06-16 19:27:20 Error: [PDOException] SQLSTATE[HY000]: General error: 2006 MySQL server has gone away
Request URL: /stox_web/trunk/web_services/sharefeeds/update_stocks
Stack Trace:
#0 /var/www/stox_web/trunk/web_services/lib/Cake/Model/Datasource/DboSource.php(459): PDOStatement->execute(Array)
#1 /var/www/stox_web/trunk/web_services/lib/Cake/Model/Datasource/DboSource.php(425): DboSource->_execute('INSERT INTO `st...', Array)
#2 /var/www/stox_web/trunk/web_services/lib/Cake/Model/Datasource/DboSource.php(1007): DboSource->execute('INSERT INTO `st...')
#3 /var/www/stox_web/trunk/web_services/lib/Cake/Model/Model.php(1734): DboSource->create(Object(Sharefeed), Array, Array)
#4 /var/www/stox_web/trunk/web_services/app/Controller/SharefeedsController.php(144): Model->save(Array)
#5 /var/www/stox_web/trunk/web_services/app/Controller/SharefeedsController.php(14): SharefeedsController->_updateShareFeedsTable()
#6 [internal function]: SharefeedsController->update_stocks()
#7 /var/www/stox_web/trunk/web_services/lib/Cake/Controller/Controller.php(485): ReflectionMethod->invokeArgs(Object(SharefeedsController), Array)
#8 /var/www/stox_web/trunk/web_services/lib/Cake/Routing/Dispatcher.php(186): Controller->invokeAction(Object(CakeRequest))
#9 /var/www/stox_web/trunk/web_services/lib/Cake/Routing/Dispatcher.php(161): Dispatcher->_invoke(Object(SharefeedsController), Object(CakeRequest), Object(CakeResponse))
#10 /var/www/stox_web/trunk/web_services/app/webroot/index.php(97): Dispatcher->dispatch(Object(CakeRequest), Object(CakeResponse))
#11 {main}
2014-06-17 15:02:26 Error: [PDOException] SQLSTATE[23000]: Integrity constraint violation: 1048 Column 'symbol' cannot be null
Request URL: /stox_web/trunk/web_services/sharefeeds/update_stocks
Stack Trace:
#0 /var/www/stox_web/trunk/web_services/lib/Cake/Model/Datasource/DboSource.php(459): PDOStatement->execute(Array)
#1 /var/www/stox_web/trunk/web_services/lib/Cake/Model/Datasource/DboSource.php(425): DboSource->_execute('INSERT INTO `st...', Array)
#2 /var/www/stox_web/trunk/web_services/lib/Cake/Model/Datasource/DboSource.php(1007): DboSource->execute('INSERT INTO `st...')
#3 /var/www/stox_web/trunk/web_services/lib/Cake/Model/Model.php(1734): DboSource->create(Object(Sharefeed), Array, Array)
#4 /var/www/stox_web/trunk/web_services/app/Controller/SharefeedsController.php(146): Model->save(Array)
#5 /var/www/stox_web/trunk/web_services/app/Controller/SharefeedsController.php(15): SharefeedsController->_updateShareFeedsTable()
#6 [internal function]: SharefeedsController->update_stocks()
#7 /var/www/stox_web/trunk/web_services/lib/Cake/Controller/Controller.php(485): ReflectionMethod->invokeArgs(Object(SharefeedsController), Array)
#8 /var/www/stox_web/trunk/web_services/lib/Cake/Routing/Dispatcher.php(186): Controller->invokeAction(Object(CakeRequest))
#9 /var/www/stox_web/trunk/web_services/lib/Cake/Routing/Dispatcher.php(161): Dispatcher->_invoke(Object(SharefeedsController), Object(CakeRequest), Object(CakeResponse))
#10 /var/www/stox_web/trunk/web_services/app/webroot/index.php(97): Dispatcher->dispatch(Object(CakeRequest), Object(CakeResponse))
#11 {main}
2014-06-17 15:36:29 Error: [PDOException] SQLSTATE[23000]: Integrity constraint violation: 1048 Column 'symbol' cannot be null
Request URL: /stox_web/trunk/web_services/sharefeeds/update_stocks
Stack Trace:
#0 /var/www/stox_web/trunk/web_services/lib/Cake/Model/Datasource/DboSource.php(459): PDOStatement->execute(Array)
#1 /var/www/stox_web/trunk/web_services/lib/Cake/Model/Datasource/DboSource.php(425): DboSource->_execute('INSERT INTO `st...', Array)
#2 /var/www/stox_web/trunk/web_services/lib/Cake/Model/Datasource/DboSource.php(1007): DboSource->execute('INSERT INTO `st...')
#3 /var/www/stox_web/trunk/web_services/lib/Cake/Model/Model.php(1734): DboSource->create(Object(Sharefeed), Array, Array)
#4 /var/www/stox_web/trunk/web_services/app/Controller/SharefeedsController.php(146): Model->save(Array)
#5 /var/www/stox_web/trunk/web_services/app/Controller/SharefeedsController.php(15): SharefeedsController->_updateShareFeedsTable()
#6 [internal function]: SharefeedsController->update_stocks()
#7 /var/www/stox_web/trunk/web_services/lib/Cake/Controller/Controller.php(485): ReflectionMethod->invokeArgs(Object(SharefeedsController), Array)
#8 /var/www/stox_web/trunk/web_services/lib/Cake/Routing/Dispatcher.php(186): Controller->invokeAction(Object(CakeRequest))
#9 /var/www/stox_web/trunk/web_services/lib/Cake/Routing/Dispatcher.php(161): Dispatcher->_invoke(Object(SharefeedsController), Object(CakeRequest), Object(CakeResponse))
#10 /var/www/stox_web/trunk/web_services/app/webroot/index.php(97): Dispatcher->dispatch(Object(CakeRequest), Object(CakeResponse))
#11 {main}
2014-06-18 14:58:46 Error: [PDOException] SQLSTATE[42000]: Syntax error or access violation: 1064 You have an error in your SQL syntax; check the manual that corresponds to your MySQL server version for the right syntax to use near 'lastInsertId' at line 1
Request URL: /stox_web/trunk/web_services/sharefeeds/update_stocks
Stack Trace:
#0 /var/www/stox_web/trunk/web_services/lib/Cake/Model/Datasource/DboSource.php(459): PDOStatement->execute(Array)
#1 /var/www/stox_web/trunk/web_services/lib/Cake/Model/Datasource/DboSource.php(425): DboSource->_execute('lastInsertId', Array)
#2 /var/www/stox_web/trunk/web_services/lib/Cake/Model/Datasource/DboSource.php(669): DboSource->execute('lastInsertId', Array, Array)
#3 /var/www/stox_web/trunk/web_services/lib/Cake/Model/Datasource/DboSource.php(611): DboSource->fetchAll('lastInsertId', Array, Array)
#4 /var/www/stox_web/trunk/web_services/lib/Cake/Model/Model.php(799): DboSource->query('lastInsertId', Array, Object(Exchange))
#5 /var/www/stox_web/trunk/web_services/app/Controller/SharefeedsController.php(185): Model->__call('lastInsertId', Array)
#6 /var/www/stox_web/trunk/web_services/app/Controller/SharefeedsController.php(185): Exchange->lastInsertId()
#7 /var/www/stox_web/trunk/web_services/app/Controller/SharefeedsController.php(15): SharefeedsController->_updateShareFeedsTable()
#8 [internal function]: SharefeedsController->update_stocks()
#9 /var/www/stox_web/trunk/web_services/lib/Cake/Controller/Controller.php(485): ReflectionMethod->invokeArgs(Object(SharefeedsController), Array)
#10 /var/www/stox_web/trunk/web_services/lib/Cake/Routing/Dispatcher.php(186): Controller->invokeAction(Object(CakeRequest))
#11 /var/www/stox_web/trunk/web_services/lib/Cake/Routing/Dispatcher.php(161): Dispatcher->_invoke(Object(SharefeedsController), Object(CakeRequest), Object(CakeResponse))
#12 /var/www/stox_web/trunk/web_services/app/webroot/index.php(97): Dispatcher->dispatch(Object(CakeRequest), Object(CakeResponse))
#13 {main}
2014-06-18 15:04:55 Error: [PDOException] SQLSTATE[42S22]: Column not found: 1054 Unknown column 'Sharefeed.exchange_code' in 'where clause'
Request URL: /stox_web/trunk/web_services/sharefeeds/update_stocks
Stack Trace:
#0 /var/www/stox_web/trunk/web_services/lib/Cake/Model/Datasource/DboSource.php(459): PDOStatement->execute(Array)
#1 /var/www/stox_web/trunk/web_services/lib/Cake/Model/Datasource/DboSource.php(425): DboSource->_execute('SELECT `Sharefe...', Array)
#2 /var/www/stox_web/trunk/web_services/lib/Cake/Model/Datasource/DboSource.php(669): DboSource->execute('SELECT `Sharefe...', Array, Array)
#3 /var/www/stox_web/trunk/web_services/lib/Cake/Model/Datasource/DboSource.php(1080): DboSource->fetchAll('SELECT `Sharefe...', false)
#4 /var/www/stox_web/trunk/web_services/lib/Cake/Model/Model.php(2674): DboSource->read(Object(Sharefeed), Array)
#5 /var/www/stox_web/trunk/web_services/app/Controller/SharefeedsController.php(163): Model->find('first', Array)
#6 /var/www/stox_web/trunk/web_services/app/Controller/SharefeedsController.php(15): SharefeedsController->_updateShareFeedsTable()
#7 [internal function]: SharefeedsController->update_stocks()
#8 /var/www/stox_web/trunk/web_services/lib/Cake/Controller/Controller.php(485): ReflectionMethod->invokeArgs(Object(SharefeedsController), Array)
#9 /var/www/stox_web/trunk/web_services/lib/Cake/Routing/Dispatcher.php(186): Controller->invokeAction(Object(CakeRequest))
#10 /var/www/stox_web/trunk/web_services/lib/Cake/Routing/Dispatcher.php(161): Dispatcher->_invoke(Object(SharefeedsController), Object(CakeRequest), Object(CakeResponse))
#11 /var/www/stox_web/trunk/web_services/app/webroot/index.php(97): Dispatcher->dispatch(Object(CakeRequest), Object(CakeResponse))
#12 {main}
2014-06-18 18:33:11 Error: [PDOException] SQLSTATE[42S22]: Column not found: 1054 Unknown column 'action' in 'field list'
Request URL: /stox_web/trunk/web_services/sharefeeds/update_stocks
Stack Trace:
#0 /var/www/stox_web/trunk/web_services/lib/Cake/Model/Datasource/DboSource.php(459): PDOStatement->execute(Array)
#1 /var/www/stox_web/trunk/web_services/lib/Cake/Model/Datasource/DboSource.php(425): DboSource->_execute('UPDATE `stox`.`...', Array)
#2 /var/www/stox_web/trunk/web_services/lib/Cake/Model/Datasource/Database/Mysql.php(378): DboSource->execute('UPDATE `stox`.`...')
#3 /var/www/stox_web/trunk/web_services/lib/Cake/Model/Model.php(1723): Mysql->update(Object(Sharefeed), Array, Array)
#4 /var/www/stox_web/trunk/web_services/app/Controller/SharefeedsController.php(193): Model->save(Array)
#5 /var/www/stox_web/trunk/web_services/app/Controller/SharefeedsController.php(25): SharefeedsController->_updateShareFeedsTable()
#6 [internal function]: SharefeedsController->update_stocks()
#7 /var/www/stox_web/trunk/web_services/lib/Cake/Controller/Controller.php(485): ReflectionMethod->invokeArgs(Object(SharefeedsController), Array)
#8 /var/www/stox_web/trunk/web_services/lib/Cake/Routing/Dispatcher.php(186): Controller->invokeAction(Object(CakeRequest))
#9 /var/www/stox_web/trunk/web_services/lib/Cake/Routing/Dispatcher.php(161): Dispatcher->_invoke(Object(SharefeedsController), Object(CakeRequest), Object(CakeResponse))
#10 /var/www/stox_web/trunk/web_services/app/webroot/index.php(97): Dispatcher->dispatch(Object(CakeRequest), Object(CakeResponse))
#11 {main}
2014-06-18 19:02:01 Error: [PDOException] SQLSTATE[HY000]: General error: 2006 MySQL server has gone away
Request URL: /stox_web/trunk/web_services/sharefeeds/update_stocks
Stack Trace:
#0 /var/www/stox_web/trunk/web_services/lib/Cake/Model/Datasource/DboSource.php(459): PDOStatement->execute(Array)
#1 /var/www/stox_web/trunk/web_services/lib/Cake/Model/Datasource/DboSource.php(425): DboSource->_execute('SELECT `Exchang...', Array)
#2 /var/www/stox_web/trunk/web_services/lib/Cake/Model/Datasource/DboSource.php(669): DboSource->execute('SELECT `Exchang...', Array, Array)
#3 /var/www/stox_web/trunk/web_services/lib/Cake/Model/Datasource/DboSource.php(1080): DboSource->fetchAll('SELECT `Exchang...', false)
#4 /var/www/stox_web/trunk/web_services/lib/Cake/Model/Model.php(2674): DboSource->read(Object(Exchange), Array)
#5 /var/www/stox_web/trunk/web_services/app/Controller/SharefeedsController.php(175): Model->find('first', Array)
#6 /var/www/stox_web/trunk/web_services/app/Controller/SharefeedsController.php(25): SharefeedsController->_updateShareFeedsTable()
#7 [internal function]: SharefeedsController->update_stocks()
#8 /var/www/stox_web/trunk/web_services/lib/Cake/Controller/Controller.php(485): ReflectionMethod->invokeArgs(Object(SharefeedsController), Array)
#9 /var/www/stox_web/trunk/web_services/lib/Cake/Routing/Dispatcher.php(186): Controller->invokeAction(Object(CakeRequest))
#10 /var/www/stox_web/trunk/web_services/lib/Cake/Routing/Dispatcher.php(161): Dispatcher->_invoke(Object(SharefeedsController), Object(CakeRequest), Object(CakeResponse))
#11 /var/www/stox_web/trunk/web_services/app/webroot/index.php(97): Dispatcher->dispatch(Object(CakeRequest), Object(CakeResponse))
#12 {main}
2014-06-19 11:25:54 Error: [PDOException] SQLSTATE[23000]: Integrity constraint violation: 1048 Column 'code' cannot be null
Request URL: /stox_web/trunk/web_services/sharefeeds/update_stocks
Stack Trace:
#0 /var/www/stox_web/trunk/web_services/lib/Cake/Model/Datasource/DboSource.php(459): PDOStatement->execute(Array)
#1 /var/www/stox_web/trunk/web_services/lib/Cake/Model/Datasource/DboSource.php(425): DboSource->_execute('INSERT INTO `st...', Array)
#2 /var/www/stox_web/trunk/web_services/lib/Cake/Model/Datasource/DboSource.php(1007): DboSource->execute('INSERT INTO `st...')
#3 /var/www/stox_web/trunk/web_services/lib/Cake/Model/Model.php(1734): DboSource->create(Object(Exchange), Array, Array)
#4 /var/www/stox_web/trunk/web_services/app/Controller/SharefeedsController.php(231): Model->save(Array)
#5 /var/www/stox_web/trunk/web_services/app/Controller/SharefeedsController.php(25): SharefeedsController->_updateShareFeedsTable()
#6 [internal function]: SharefeedsController->update_stocks()
#7 /var/www/stox_web/trunk/web_services/lib/Cake/Controller/Controller.php(485): ReflectionMethod->invokeArgs(Object(SharefeedsController), Array)
#8 /var/www/stox_web/trunk/web_services/lib/Cake/Routing/Dispatcher.php(186): Controller->invokeAction(Object(CakeRequest))
#9 /var/www/stox_web/trunk/web_services/lib/Cake/Routing/Dispatcher.php(161): Dispatcher->_invoke(Object(SharefeedsController), Object(CakeRequest), Object(CakeResponse))
#10 /var/www/stox_web/trunk/web_services/app/webroot/index.php(97): Dispatcher->dispatch(Object(CakeRequest), Object(CakeResponse))
#11 {main}
2014-08-13 08:46:05 Error: [MissingConnectionException] Database connection "Mysql" is missing, or could not be created.
Exception Attributes: array (
  'class' => 'Mysql',
  'message' => 'SQLSTATE[HY000] [1045] Accès refusé pour l\'utilisateur: \'root\'@\'@localhost\' (mot de passe: OUI)',
  'enabled' => true,
)
Request URL: /stox/web_services/admin/users/login/f:
Stack Trace:
#0 D:\wamp\www\stox\web_services\lib\Cake\Model\Datasource\DboSource.php(261): Mysql->connect()
#1 D:\wamp\www\stox\web_services\lib\Cake\Model\ConnectionManager.php(101): DboSource->__construct(Array)
#2 D:\wamp\www\stox\web_services\lib\Cake\Model\Model.php(3195): ConnectionManager::getDataSource('default')
#3 D:\wamp\www\stox\web_services\lib\Cake\Model\Model.php(1107): Model->setDataSource('default')
#4 D:\wamp\www\stox\web_services\lib\Cake\Model\Model.php(3217): Model->setSource('users')
#5 D:\wamp\www\stox\web_services\lib\Cake\Model\Model.php(1318): Model->getDataSource()
#6 D:\wamp\www\stox\web_services\lib\Cake\View\Helper\FormHelper.php(197): Model->schema()
#7 D:\wamp\www\stox\web_services\lib\Cake\View\Helper\FormHelper.php(446): FormHelper->_introspectModel('User', 'fields')
#8 D:\wamp\www\stox\web_services\app\View\Users\admin_login.ctp(2): FormHelper->create('User')
#9 D:\wamp\www\stox\web_services\lib\Cake\View\View.php(947): include('D:\\wamp\\www\\sto...')
#10 D:\wamp\www\stox\web_services\lib\Cake\View\View.php(909): View->_evaluate('D:\\wamp\\www\\sto...', Array)
#11 D:\wamp\www\stox\web_services\lib\Cake\View\View.php(470): View->_render('D:\\wamp\\www\\sto...')
#12 D:\wamp\www\stox\web_services\lib\Cake\Controller\Controller.php(947): View->render(NULL, NULL)
#13 D:\wamp\www\stox\web_services\lib\Cake\Routing\Dispatcher.php(193): Controller->render()
#14 D:\wamp\www\stox\web_services\lib\Cake\Routing\Dispatcher.php(161): Dispatcher->_invoke(Object(UsersController), Object(CakeRequest), Object(CakeResponse))
#15 D:\wamp\www\stox\web_services\app\webroot\index.php(97): Dispatcher->dispatch(Object(CakeRequest), Object(CakeResponse))
#16 {main}
2014-08-13 08:48:29 Error: [MissingConnectionException] Database connection "Mysql" is missing, or could not be created.
Exception Attributes: array (
  'class' => 'Mysql',
  'message' => 'SQLSTATE[HY000] [1045] Accès refusé pour l\'utilisateur: \'root\'@\'@localhost\' (mot de passe: OUI)',
  'enabled' => true,
)
Request URL: /stox/web_services/admin/users/login/f:
Stack Trace:
#0 D:\wamp\www\stox\web_services\lib\Cake\Model\Datasource\DboSource.php(261): Mysql->connect()
#1 D:\wamp\www\stox\web_services\lib\Cake\Model\ConnectionManager.php(101): DboSource->__construct(Array)
#2 D:\wamp\www\stox\web_services\lib\Cake\Model\Model.php(3195): ConnectionManager::getDataSource('default')
#3 D:\wamp\www\stox\web_services\lib\Cake\Model\Model.php(1107): Model->setDataSource('default')
#4 D:\wamp\www\stox\web_services\lib\Cake\Model\Model.php(3217): Model->setSource('users')
#5 D:\wamp\www\stox\web_services\lib\Cake\Model\Model.php(1318): Model->getDataSource()
#6 D:\wamp\www\stox\web_services\lib\Cake\View\Helper\FormHelper.php(197): Model->schema()
#7 D:\wamp\www\stox\web_services\lib\Cake\View\Helper\FormHelper.php(446): FormHelper->_introspectModel('User', 'fields')
#8 D:\wamp\www\stox\web_services\app\View\Users\admin_login.ctp(2): FormHelper->create('User')
#9 D:\wamp\www\stox\web_services\lib\Cake\View\View.php(947): include('D:\\wamp\\www\\sto...')
#10 D:\wamp\www\stox\web_services\lib\Cake\View\View.php(909): View->_evaluate('D:\\wamp\\www\\sto...', Array)
#11 D:\wamp\www\stox\web_services\lib\Cake\View\View.php(470): View->_render('D:\\wamp\\www\\sto...')
#12 D:\wamp\www\stox\web_services\lib\Cake\Controller\Controller.php(947): View->render(NULL, NULL)
#13 D:\wamp\www\stox\web_services\lib\Cake\Routing\Dispatcher.php(193): Controller->render()
#14 D:\wamp\www\stox\web_services\lib\Cake\Routing\Dispatcher.php(161): Dispatcher->_invoke(Object(UsersController), Object(CakeRequest), Object(CakeResponse))
#15 D:\wamp\www\stox\web_services\app\webroot\index.php(97): Dispatcher->dispatch(Object(CakeRequest), Object(CakeResponse))
#16 {main}
2014-08-13 08:48:54 Error: [MissingConnectionException] Database connection "Mysql" is missing, or could not be created.
Exception Attributes: array (
  'class' => 'Mysql',
  'message' => 'SQLSTATE[HY000] [1045] Accès refusé pour l\'utilisateur: \'root\'@\'@localhost\' (mot de passe: OUI)',
  'enabled' => true,
)
Request URL: /stox/web_services/admin/users/login/f:
Stack Trace:
#0 D:\wamp\www\stox\web_services\lib\Cake\Model\Datasource\DboSource.php(261): Mysql->connect()
#1 D:\wamp\www\stox\web_services\lib\Cake\Model\ConnectionManager.php(101): DboSource->__construct(Array)
#2 D:\wamp\www\stox\web_services\lib\Cake\Model\Model.php(3195): ConnectionManager::getDataSource('default')
#3 D:\wamp\www\stox\web_services\lib\Cake\Model\Model.php(1107): Model->setDataSource('default')
#4 D:\wamp\www\stox\web_services\lib\Cake\Model\Model.php(3217): Model->setSource('users')
#5 D:\wamp\www\stox\web_services\lib\Cake\Model\Model.php(1318): Model->getDataSource()
#6 D:\wamp\www\stox\web_services\lib\Cake\View\Helper\FormHelper.php(197): Model->schema()
#7 D:\wamp\www\stox\web_services\lib\Cake\View\Helper\FormHelper.php(446): FormHelper->_introspectModel('User', 'fields')
#8 D:\wamp\www\stox\web_services\app\View\Users\admin_login.ctp(2): FormHelper->create('User')
#9 D:\wamp\www\stox\web_services\lib\Cake\View\View.php(947): include('D:\\wamp\\www\\sto...')
#10 D:\wamp\www\stox\web_services\lib\Cake\View\View.php(909): View->_evaluate('D:\\wamp\\www\\sto...', Array)
#11 D:\wamp\www\stox\web_services\lib\Cake\View\View.php(470): View->_render('D:\\wamp\\www\\sto...')
#12 D:\wamp\www\stox\web_services\lib\Cake\Controller\Controller.php(947): View->render(NULL, NULL)
#13 D:\wamp\www\stox\web_services\lib\Cake\Routing\Dispatcher.php(193): Controller->render()
#14 D:\wamp\www\stox\web_services\lib\Cake\Routing\Dispatcher.php(161): Dispatcher->_invoke(Object(UsersController), Object(CakeRequest), Object(CakeResponse))
#15 D:\wamp\www\stox\web_services\app\webroot\index.php(97): Dispatcher->dispatch(Object(CakeRequest), Object(CakeResponse))
#16 {main}
2014-08-13 08:49:06 Error: [MissingConnectionException] Database connection "Mysql" is missing, or could not be created.
Exception Attributes: array (
  'class' => 'Mysql',
  'message' => 'SQLSTATE[HY000] [1045] Accès refusé pour l\'utilisateur: \'root\'@\'@localhost\' (mot de passe: OUI)',
  'enabled' => true,
)
Request URL: /stox/web_services/admin/
Stack Trace:
#0 D:\wamp\www\stox\web_services\lib\Cake\Model\Datasource\DboSource.php(261): Mysql->connect()
#1 D:\wamp\www\stox\web_services\lib\Cake\Model\ConnectionManager.php(101): DboSource->__construct(Array)
#2 D:\wamp\www\stox\web_services\lib\Cake\Model\Model.php(3195): ConnectionManager::getDataSource('default')
#3 D:\wamp\www\stox\web_services\lib\Cake\Model\Model.php(1107): Model->setDataSource('default')
#4 D:\wamp\www\stox\web_services\lib\Cake\Model\Model.php(3217): Model->setSource('users')
#5 D:\wamp\www\stox\web_services\lib\Cake\Model\Model.php(1318): Model->getDataSource()
#6 D:\wamp\www\stox\web_services\lib\Cake\View\Helper\FormHelper.php(197): Model->schema()
#7 D:\wamp\www\stox\web_services\lib\Cake\View\Helper\FormHelper.php(446): FormHelper->_introspectModel('User', 'fields')
#8 D:\wamp\www\stox\web_services\app\View\Users\admin_login.ctp(2): FormHelper->create('User')
#9 D:\wamp\www\stox\web_services\lib\Cake\View\View.php(947): include('D:\\wamp\\www\\sto...')
#10 D:\wamp\www\stox\web_services\lib\Cake\View\View.php(909): View->_evaluate('D:\\wamp\\www\\sto...', Array)
#11 D:\wamp\www\stox\web_services\lib\Cake\View\View.php(470): View->_render('D:\\wamp\\www\\sto...')
#12 D:\wamp\www\stox\web_services\lib\Cake\Controller\Controller.php(947): View->render(NULL, NULL)
#13 D:\wamp\www\stox\web_services\lib\Cake\Routing\Dispatcher.php(193): Controller->render()
#14 D:\wamp\www\stox\web_services\lib\Cake\Routing\Dispatcher.php(161): Dispatcher->_invoke(Object(UsersController), Object(CakeRequest), Object(CakeResponse))
#15 D:\wamp\www\stox\web_services\app\webroot\index.php(97): Dispatcher->dispatch(Object(CakeRequest), Object(CakeResponse))
#16 {main}
2014-08-13 08:49:19 Error: [MissingConnectionException] Database connection "Mysql" is missing, or could not be created.
Exception Attributes: array (
  'class' => 'Mysql',
  'message' => 'SQLSTATE[HY000] [1045] Accès refusé pour l\'utilisateur: \'root\'@\'@localhost\' (mot de passe: OUI)',
  'enabled' => true,
)
Request URL: /stox/web_services/admin/users/login/f:
Stack Trace:
#0 D:\wamp\www\stox\web_services\lib\Cake\Model\Datasource\DboSource.php(261): Mysql->connect()
#1 D:\wamp\www\stox\web_services\lib\Cake\Model\ConnectionManager.php(101): DboSource->__construct(Array)
#2 D:\wamp\www\stox\web_services\lib\Cake\Model\Model.php(3195): ConnectionManager::getDataSource('default')
#3 D:\wamp\www\stox\web_services\lib\Cake\Model\Model.php(1107): Model->setDataSource('default')
#4 D:\wamp\www\stox\web_services\lib\Cake\Model\Model.php(3217): Model->setSource('users')
#5 D:\wamp\www\stox\web_services\lib\Cake\Model\Model.php(1318): Model->getDataSource()
#6 D:\wamp\www\stox\web_services\lib\Cake\View\Helper\FormHelper.php(197): Model->schema()
#7 D:\wamp\www\stox\web_services\lib\Cake\View\Helper\FormHelper.php(446): FormHelper->_introspectModel('User', 'fields')
#8 D:\wamp\www\stox\web_services\app\View\Users\admin_login.ctp(2): FormHelper->create('User')
#9 D:\wamp\www\stox\web_services\lib\Cake\View\View.php(947): include('D:\\wamp\\www\\sto...')
#10 D:\wamp\www\stox\web_services\lib\Cake\View\View.php(909): View->_evaluate('D:\\wamp\\www\\sto...', Array)
#11 D:\wamp\www\stox\web_services\lib\Cake\View\View.php(470): View->_render('D:\\wamp\\www\\sto...')
#12 D:\wamp\www\stox\web_services\lib\Cake\Controller\Controller.php(947): View->render(NULL, NULL)
#13 D:\wamp\www\stox\web_services\lib\Cake\Routing\Dispatcher.php(193): Controller->render()
#14 D:\wamp\www\stox\web_services\lib\Cake\Routing\Dispatcher.php(161): Dispatcher->_invoke(Object(UsersController), Object(CakeRequest), Object(CakeResponse))
#15 D:\wamp\www\stox\web_services\app\webroot\index.php(97): Dispatcher->dispatch(Object(CakeRequest), Object(CakeResponse))
#16 {main}
2014-08-13 08:49:59 Error: [MissingControllerException] Controller class WebServicesController could not be found.
Exception Attributes: array (
  'class' => 'WebServicesController',
  'plugin' => NULL,
)
Request URL: /stox/web_services/admin/users/login/f:
Stack Trace:
#0 D:\wamp\www\stox\app\webroot\index.php(97): Dispatcher->dispatch(Object(CakeRequest), Object(CakeResponse))
#1 {main}
2014-08-13 08:50:01 Error: [MissingConnectionException] Database connection "Mysql" is missing, or could not be created.
Exception Attributes: array (
  'class' => 'Mysql',
  'message' => 'SQLSTATE[HY000] [1045] Accès refusé pour l\'utilisateur: \'root\'@\'@localhost\' (mot de passe: OUI)',
  'enabled' => true,
)
Request URL: /stox/admin/users/login/f:d2ViX3NlcnZpY2VzL2FkbWluL3VzZXJzL2xvZ2luL2Y6
Stack Trace:
#0 D:\wamp\www\stox\lib\Cake\Model\Datasource\DboSource.php(261): Mysql->connect()
#1 D:\wamp\www\stox\lib\Cake\Model\ConnectionManager.php(101): DboSource->__construct(Array)
#2 D:\wamp\www\stox\lib\Cake\Model\Model.php(3195): ConnectionManager::getDataSource('default')
#3 D:\wamp\www\stox\lib\Cake\Model\Model.php(1107): Model->setDataSource('default')
#4 D:\wamp\www\stox\lib\Cake\Model\Model.php(3217): Model->setSource('users')
#5 D:\wamp\www\stox\lib\Cake\Model\Model.php(1318): Model->getDataSource()
#6 D:\wamp\www\stox\lib\Cake\View\Helper\FormHelper.php(197): Model->schema()
#7 D:\wamp\www\stox\lib\Cake\View\Helper\FormHelper.php(446): FormHelper->_introspectModel('User', 'fields')
#8 D:\wamp\www\stox\app\View\Users\admin_login.ctp(2): FormHelper->create('User')
#9 D:\wamp\www\stox\lib\Cake\View\View.php(947): include('D:\\wamp\\www\\sto...')
#10 D:\wamp\www\stox\lib\Cake\View\View.php(909): View->_evaluate('D:\\wamp\\www\\sto...', Array)
#11 D:\wamp\www\stox\lib\Cake\View\View.php(470): View->_render('D:\\wamp\\www\\sto...')
#12 D:\wamp\www\stox\lib\Cake\Controller\Controller.php(947): View->render(NULL, NULL)
#13 D:\wamp\www\stox\lib\Cake\Routing\Dispatcher.php(193): Controller->render()
#14 D:\wamp\www\stox\lib\Cake\Routing\Dispatcher.php(161): Dispatcher->_invoke(Object(UsersController), Object(CakeRequest), Object(CakeResponse))
#15 D:\wamp\www\stox\app\webroot\index.php(97): Dispatcher->dispatch(Object(CakeRequest), Object(CakeResponse))
#16 {main}
2014-08-13 08:50:06 Error: [MissingConnectionException] Database connection "Mysql" is missing, or could not be created.
Exception Attributes: array (
  'class' => 'Mysql',
  'message' => 'SQLSTATE[HY000] [1045] Accès refusé pour l\'utilisateur: \'root\'@\'@localhost\' (mot de passe: OUI)',
  'enabled' => true,
)
Request URL: /stox/admin/users/login/f:
Stack Trace:
#0 D:\wamp\www\stox\lib\Cake\Model\Datasource\DboSource.php(261): Mysql->connect()
#1 D:\wamp\www\stox\lib\Cake\Model\ConnectionManager.php(101): DboSource->__construct(Array)
#2 D:\wamp\www\stox\lib\Cake\Model\Model.php(3195): ConnectionManager::getDataSource('default')
#3 D:\wamp\www\stox\lib\Cake\Model\Model.php(1107): Model->setDataSource('default')
#4 D:\wamp\www\stox\lib\Cake\Model\Model.php(3217): Model->setSource('users')
#5 D:\wamp\www\stox\lib\Cake\Model\Model.php(1318): Model->getDataSource()
#6 D:\wamp\www\stox\lib\Cake\View\Helper\FormHelper.php(197): Model->schema()
#7 D:\wamp\www\stox\lib\Cake\View\Helper\FormHelper.php(446): FormHelper->_introspectModel('User', 'fields')
#8 D:\wamp\www\stox\app\View\Users\admin_login.ctp(2): FormHelper->create('User')
#9 D:\wamp\www\stox\lib\Cake\View\View.php(947): include('D:\\wamp\\www\\sto...')
#10 D:\wamp\www\stox\lib\Cake\View\View.php(909): View->_evaluate('D:\\wamp\\www\\sto...', Array)
#11 D:\wamp\www\stox\lib\Cake\View\View.php(470): View->_render('D:\\wamp\\www\\sto...')
#12 D:\wamp\www\stox\lib\Cake\Controller\Controller.php(947): View->render(NULL, NULL)
#13 D:\wamp\www\stox\lib\Cake\Routing\Dispatcher.php(193): Controller->render()
#14 D:\wamp\www\stox\lib\Cake\Routing\Dispatcher.php(161): Dispatcher->_invoke(Object(UsersController), Object(CakeRequest), Object(CakeResponse))
#15 D:\wamp\www\stox\app\webroot\index.php(97): Dispatcher->dispatch(Object(CakeRequest), Object(CakeResponse))
#16 {main}
2014-08-13 08:51:16 Error: [MissingConnectionException] Database connection "Mysql" is missing, or could not be created.
Exception Attributes: array (
  'class' => 'Mysql',
  'message' => 'SQLSTATE[HY000] [1045] Accès refusé pour l\'utilisateur: \'root\'@\'@localhost\' (mot de passe: OUI)',
  'enabled' => true,
)
Request URL: /stox/admin/users/login/f:
Stack Trace:
#0 D:\wamp\www\stox\lib\Cake\Model\Datasource\DboSource.php(261): Mysql->connect()
#1 D:\wamp\www\stox\lib\Cake\Model\ConnectionManager.php(101): DboSource->__construct(Array)
#2 D:\wamp\www\stox\lib\Cake\Model\Model.php(3195): ConnectionManager::getDataSource('default')
#3 D:\wamp\www\stox\lib\Cake\Model\Model.php(1107): Model->setDataSource('default')
#4 D:\wamp\www\stox\lib\Cake\Model\Model.php(3217): Model->setSource('users')
#5 D:\wamp\www\stox\lib\Cake\Model\Model.php(1318): Model->getDataSource()
#6 D:\wamp\www\stox\lib\Cake\View\Helper\FormHelper.php(197): Model->schema()
#7 D:\wamp\www\stox\lib\Cake\View\Helper\FormHelper.php(446): FormHelper->_introspectModel('User', 'fields')
#8 D:\wamp\www\stox\app\View\Users\admin_login.ctp(2): FormHelper->create('User')
#9 D:\wamp\www\stox\lib\Cake\View\View.php(947): include('D:\\wamp\\www\\sto...')
#10 D:\wamp\www\stox\lib\Cake\View\View.php(909): View->_evaluate('D:\\wamp\\www\\sto...', Array)
#11 D:\wamp\www\stox\lib\Cake\View\View.php(470): View->_render('D:\\wamp\\www\\sto...')
#12 D:\wamp\www\stox\lib\Cake\Controller\Controller.php(947): View->render(NULL, NULL)
#13 D:\wamp\www\stox\lib\Cake\Routing\Dispatcher.php(193): Controller->render()
#14 D:\wamp\www\stox\lib\Cake\Routing\Dispatcher.php(161): Dispatcher->_invoke(Object(UsersController), Object(CakeRequest), Object(CakeResponse))
#15 D:\wamp\www\stox\app\webroot\index.php(97): Dispatcher->dispatch(Object(CakeRequest), Object(CakeResponse))
#16 {main}
2014-08-13 09:17:08 Error: Fatal Error (4): syntax error, unexpected ')', expecting '(' in [D:\wamp\www\stox\web_services\app\View\Layouts\default.ctp, line 43]
2014-08-13 09:17:08 Error: [InternalErrorException] Internal Server Error
Request URL: /stox/web_services/admin/users
Stack Trace:
#0 D:\wamp\www\stox\web_services\lib\Cake\Error\ErrorHandler.php(183): ErrorHandler::handleFatalError(4, 'syntax error, u...', 'D:\\wamp\\www\\sto...', 43)
#1 [internal function]: ErrorHandler::handleError(4, 'syntax error, u...', 'D:\\wamp\\www\\sto...', 43, Array)
#2 D:\wamp\www\stox\web_services\lib\Cake\Core\App.php(926): call_user_func('ErrorHandler::h...', 4, 'syntax error, u...', 'D:\\wamp\\www\\sto...', 43, Array)
#3 D:\wamp\www\stox\web_services\lib\Cake\Core\App.php(899): App::_checkFatalError()
#4 [internal function]: App::shutdown()
#5 {main}
2014-08-13 09:17:14 Error: Fatal Error (4): syntax error, unexpected ')', expecting '(' in [D:\wamp\www\stox\web_services\app\View\Layouts\default.ctp, line 43]
2014-08-13 09:17:14 Error: [InternalErrorException] Internal Server Error
Request URL: /stox/web_services/admin/users
Stack Trace:
#0 D:\wamp\www\stox\web_services\lib\Cake\Error\ErrorHandler.php(183): ErrorHandler::handleFatalError(4, 'syntax error, u...', 'D:\\wamp\\www\\sto...', 43)
#1 [internal function]: ErrorHandler::handleError(4, 'syntax error, u...', 'D:\\wamp\\www\\sto...', 43, Array)
#2 D:\wamp\www\stox\web_services\lib\Cake\Core\App.php(926): call_user_func('ErrorHandler::h...', 4, 'syntax error, u...', 'D:\\wamp\\www\\sto...', 43, Array)
#3 D:\wamp\www\stox\web_services\lib\Cake\Core\App.php(899): App::_checkFatalError()
#4 [internal function]: App::shutdown()
#5 {main}
2014-08-13 09:43:03 Error: [MissingActionException] Action UserLogsController::admin_index() could not be found.
Exception Attributes: array (
  'controller' => 'UserLogsController',
  'action' => 'admin_index',
)
Request URL: /stox/web_services/admin/user_logs
Stack Trace:
#0 D:\wamp\www\stox\web_services\lib\Cake\Routing\Dispatcher.php(186): Controller->invokeAction(Object(CakeRequest))
#1 D:\wamp\www\stox\web_services\lib\Cake\Routing\Dispatcher.php(161): Dispatcher->_invoke(Object(UserLogsController), Object(CakeRequest), Object(CakeResponse))
#2 D:\wamp\www\stox\web_services\app\webroot\index.php(97): Dispatcher->dispatch(Object(CakeRequest), Object(CakeResponse))
#3 {main}
2014-08-13 09:43:09 Error: [MissingActionException] Action UserStocksController::admin_index() could not be found.
Exception Attributes: array (
  'controller' => 'UserStocksController',
  'action' => 'admin_index',
)
Request URL: /stox/web_services/admin/user_stocks
Stack Trace:
#0 D:\wamp\www\stox\web_services\lib\Cake\Routing\Dispatcher.php(186): Controller->invokeAction(Object(CakeRequest))
#1 D:\wamp\www\stox\web_services\lib\Cake\Routing\Dispatcher.php(161): Dispatcher->_invoke(Object(UserStocksController), Object(CakeRequest), Object(CakeResponse))
#2 D:\wamp\www\stox\web_services\app\webroot\index.php(97): Dispatcher->dispatch(Object(CakeRequest), Object(CakeResponse))
#3 {main}
2014-08-13 09:43:13 Error: [MissingActionException] Action UserStocksController::admin_add() could not be found.
Exception Attributes: array (
  'controller' => 'UserStocksController',
  'action' => 'admin_add',
)
Request URL: /stox/web_services/admin/user_stocks/add
Stack Trace:
#0 D:\wamp\www\stox\web_services\lib\Cake\Routing\Dispatcher.php(186): Controller->invokeAction(Object(CakeRequest))
#1 D:\wamp\www\stox\web_services\lib\Cake\Routing\Dispatcher.php(161): Dispatcher->_invoke(Object(UserStocksController), Object(CakeRequest), Object(CakeResponse))
#2 D:\wamp\www\stox\web_services\app\webroot\index.php(97): Dispatcher->dispatch(Object(CakeRequest), Object(CakeResponse))
#3 {main}
